<?xml version="1.0" encoding="UTF-8"?>
<!-- Generated by org.testng.reporters.JUnitReportReporter -->
<testsuite hostname="MamtaOffice" failures="0" tests="2" name="TestNGProj.Test002" time="0.007" errors="0" timestamp="2021-02-03T12:33:18 EST" skipped="0">
  <testcase classname="TestNGProj.Test002" name="Test1" time="0.003"/>
  <system-out/>
  <testcase classname="TestNGProj.Test002" name="Test1" time="0.004"/>
  <system-out/>
</testsuite> <!-- TestNGProj.Test002 -->
