<?xml version="1.0" encoding="UTF-8"?>
<!-- Generated by org.testng.reporters.JUnitReportReporter -->
<testsuite hostname="MamtaOffice" failures="0" tests="3" name="TestNGProj.Test003" time="0.019" errors="0" timestamp="2021-02-03T11:03:06 EST" skipped="0">
  <testcase classname="TestNGProj.Test003" name="Test2" time="0.008"/>
  <system-out/>
  <testcase classname="TestNGProj.Test003" name="Test3" time="0.006"/>
  <system-out/>
  <testcase classname="TestNGProj.Test003" name="Test1" time="0.005"/>
  <system-out/>
</testsuite> <!-- TestNGProj.Test003 -->
