<?xml version="1.0" encoding="UTF-8"?>
<!-- Generated by org.testng.reporters.JUnitReportReporter -->
<testsuite hostname="MamtaOffice" failures="0" tests="1" name="BusyQA.ExcelConnect.TC02_SuccessLogin" time="9.270" errors="0" timestamp="2021-02-05T14:34:13 EST" skipped="0">
  <testcase classname="BusyQA.ExcelConnect.TC02_SuccessLogin" name="TC02_SuccessLoginTest" time="9.270"/>
  <system-out/>
</testsuite> <!-- BusyQA.ExcelConnect.TC02_SuccessLogin -->
